<?xml version="1.0" encoding="UTF-8"?>
<testng-results ignored="2" total="2" passed="0" failed="0" skipped="0">
  <reporter-output>
  </reporter-output>
  <suite started-at="2024-11-14T19:20:31 IST" name="Default suite" finished-at="2024-11-14T19:20:31 IST" duration-ms="6">
    <groups>
    </groups>
    <test started-at="2024-11-14T19:20:31 IST" name="Default test" finished-at="2024-11-14T19:20:31 IST" duration-ms="6">
      <class name="testngpack.NewTest">
        <test-method is-config="true" signature="beforeSuit()[pri:0, instance:testngpack.NewTest@3a93b025]" started-at="2024-11-14T19:20:31 IST" name="beforeSuit" finished-at="2024-11-14T19:20:31 IST" duration-ms="4" status="PASS">
          <reporter-output>
          </reporter-output>
        </test-method> <!-- beforeSuit -->
        <test-method is-config="true" signature="beforeTest()[pri:0, instance:testngpack.NewTest@3a93b025]" started-at="2024-11-14T19:20:31 IST" name="beforeTest" finished-at="2024-11-14T19:20:31 IST" duration-ms="0" status="PASS">
          <reporter-output>
          </reporter-output>
        </test-method> <!-- beforeTest -->
        <test-method is-config="true" signature="afterTest()[pri:0, instance:testngpack.NewTest@3a93b025]" started-at="2024-11-14T19:20:31 IST" name="afterTest" finished-at="2024-11-14T19:20:31 IST" duration-ms="0" status="PASS">
          <reporter-output>
          </reporter-output>
        </test-method> <!-- afterTest -->
        <test-method is-config="true" signature="afterSuite()[pri:0, instance:testngpack.NewTest@3a93b025]" started-at="2024-11-14T19:20:32 IST" name="afterSuite" finished-at="2024-11-14T19:20:32 IST" duration-ms="0" status="PASS">
          <reporter-output>
          </reporter-output>
        </test-method> <!-- afterSuite -->
      </class> <!-- testngpack.NewTest -->
    </test> <!-- Default test -->
  </suite> <!-- Default suite -->
</testng-results>
