<?xml version="1.0" encoding="UTF-8"?>
<testng-results ignored="0" total="1" passed="1" failed="0" skipped="0">
  <reporter-output>
  </reporter-output>
  <suite started-at="2024-11-15T17:59:24 IST" name="Suite" finished-at="2024-11-15T17:59:41 IST" duration-ms="16091">
    <groups>
    </groups>
    <test started-at="2024-11-15T17:59:24 IST" name="Test" finished-at="2024-11-15T17:59:41 IST" duration-ms="16091">
      <class name="testngpack.Login">
        <test-method is-config="true" signature="beforeTest()[pri:0, instance:testngpack.Login@17a1e4ca]" started-at="2024-11-15T17:59:24 IST" name="beforeTest" finished-at="2024-11-15T17:59:32 IST" duration-ms="7333" status="PASS">
          <reporter-output>
          </reporter-output>
        </test-method> <!-- beforeTest -->
        <test-method signature="f(java.lang.String,java.lang.String)[pri:0, instance:testngpack.Login@17a1e4ca]" started-at="2024-11-15T17:59:32 IST" name="f" finished-at="2024-11-15T17:59:35 IST" duration-ms="3650" status="PASS">
          <params>
            <param index="0">
              <value>
                <![CDATA[student]]>
              </value>
            </param>
            <param index="1">
              <value>
                <![CDATA[Password123]]>
              </value>
            </param>
          </params>
          <reporter-output>
          </reporter-output>
        </test-method> <!-- f -->
        <test-method is-config="true" signature="afterTest()[pri:0, instance:testngpack.Login@17a1e4ca]" started-at="2024-11-15T17:59:35 IST" name="afterTest" finished-at="2024-11-15T17:59:41 IST" duration-ms="5089" status="PASS">
          <reporter-output>
          </reporter-output>
        </test-method> <!-- afterTest -->
      </class> <!-- testngpack.Login -->
    </test> <!-- Test -->
  </suite> <!-- Suite -->
</testng-results>
